# JRE version: Java(TM) SE Runtime Environment (8.0_101-b13) (build 1.8.0_101-b13)
# Java VM: Java HotSpot(TM) 64-Bit Server VM (25.101-b13 mixed mode linux-amd64 compressed oops)
Heap:
 PSYoungGen      total 364032K, used 33791K [0x00000000e0000000, 0x00000000f8480000, 0x0000000100000000)
  eden space 330240K, 0% used [0x00000000e0000000,0x00000000e0000000,0x00000000f4280000)
  from space 33792K, 99% used [0x00000000f4280000,0x00000000f637fdb8,0x00000000f6380000)
  to   space 30720K, 0% used [0x00000000f6400000,0x00000000f6400000,0x00000000f8200000)
 ParOldGen       total 103936K, used 102963K [0x00000000a0000000, 0x00000000a6580000, 0x00000000e0000000)
  object space 103936K, 99% used [0x00000000a0000000,0x00000000a648cfb8,0x00000000a6580000)
 Metaspace       used 89467K, capacity 93522K, committed 93696K, reserved 1130496K
  class space    used 11688K, capacity 12449K, committed 12544K, reserved 1048576K
GC Heap History (10 events):
Event: 1929.061 GC heap after
Heap after GC invocations=17 (full 3):
 PSYoungGen      total 232960K, used 0K [0x00000000e0000000, 0x00000000f0100000, 0x0000000100000000)
  eden space 209920K, 0% used [0x00000000e0000000,0x00000000e0000000,0x00000000ecd00000)
  from space 23040K, 0% used [0x00000000eea80000,0x00000000eea80000,0x00000000f0100000)
  to   space 26624K, 0% used [0x00000000ecd00000,0x00000000ecd00000,0x00000000ee700000)
 ParOldGen       total 87552K, used 37504K [0x00000000a0000000, 0x00000000a5580000, 0x00000000e0000000)
  object space 87552K, 42% used [0x00000000a0000000,0x00000000a24a0120,0x00000000a5580000)
 Metaspace       used 56877K, capacity 58394K, committed 59096K, reserved 1099776K
  class space    used 7552K, capacity 7872K, committed 8064K, reserved 1048576K
}
Event: 1941.936 GC heap before
{Heap before GC invocations=18 (full 3):
 PSYoungGen      total 232960K, used 209920K [0x00000000e0000000, 0x00000000f0100000, 0x0000000100000000)
  eden space 209920K, 100% used [0x00000000e0000000,0x00000000ecd00000,0x00000000ecd00000)
  from space 23040K, 0% used [0x00000000eea80000,0x00000000eea80000,0x00000000f0100000)
  to   space 26624K, 0% used [0x00000000ecd00000,0x00000000ecd00000,0x00000000ee700000)
 ParOldGen       total 87552K, used 37504K [0x00000000a0000000, 0x00000000a5580000, 0x00000000e0000000)
  object space 87552K, 42% used [0x00000000a0000000,0x00000000a24a0120,0x00000000a5580000)
 Metaspace       used 68075K, capacity 70096K, committed 70400K, reserved 1110016K
  class space    used 8984K, capacity 9429K, committed 9472K, reserved 1048576K
Event: 1942.014 GC heap after
Heap after GC invocations=18 (full 3):
 PSYoungGen      total 236544K, used 22802K [0x00000000e0000000, 0x00000000f5380000, 0x0000000100000000)
  eden space 209920K, 0% used [0x00000000e0000000,0x00000000e0000000,0x00000000ecd00000)
  from space 26624K, 85% used [0x00000000ecd00000,0x00000000ee344a90,0x00000000ee700000)
  to   space 29696K, 0% used [0x00000000f3680000,0x00000000f3680000,0x00000000f5380000)
 ParOldGen       total 87552K, used 37539K [0x00000000a0000000, 0x00000000a5580000, 0x00000000e0000000)
  object space 87552K, 42% used [0x00000000a0000000,0x00000000a24a8d70,0x00000000a5580000)
 Metaspace       used 68075K, capacity 70096K, committed 70400K, reserved 1110016K
  class space    used 8984K, capacity 9429K, committed 9472K, reserved 1048576K
}
Event: 2109.459 GC heap before
{Heap before GC invocations=19 (full 3):
 PSYoungGen      total 236544K, used 232722K [0x00000000e0000000, 0x00000000f5380000, 0x0000000100000000)
  eden space 209920K, 100% used [0x00000000e0000000,0x00000000ecd00000,0x00000000ecd00000)
  from space 26624K, 85% used [0x00000000ecd00000,0x00000000ee344a90,0x00000000ee700000)
  to   space 29696K, 0% used [0x00000000f3680000,0x00000000f3680000,0x00000000f5380000)
 ParOldGen       total 87552K, used 37539K [0x00000000a0000000, 0x00000000a5580000, 0x00000000e0000000)
  object space 87552K, 42% used [0x00000000a0000000,0x00000000a24a8d70,0x00000000a5580000)
 Metaspace       used 73339K, capacity 76248K, committed 76544K, reserved 1116160K
  class space    used 9851K, capacity 10438K, committed 10496K, reserved 1048576K
Event: 2109.546 GC heap after
Heap after GC invocations=19 (full 3):
 PSYoungGen      total 303616K, used 21856K [0x00000000e0000000, 0x00000000f4e00000, 0x0000000100000000)
  eden space 279552K, 0% used [0x00000000e0000000,0x00000000e0000000,0x00000000f1100000)
  from space 24064K, 90% used [0x00000000f3680000,0x00000000f4bd81b8,0x00000000f4e00000)
  to   space 31232K, 0% used [0x00000000f1100000,0x00000000f1100000,0x00000000f2f80000)
 ParOldGen       total 87552K, used 49857K [0x00000000a0000000, 0x00000000a5580000, 0x00000000e0000000)
  object space 87552K, 56% used [0x00000000a0000000,0x00000000a30b0608,0x00000000a5580000)
 Metaspace       used 73339K, capacity 76248K, committed 76544K, reserved 1116160K
  class space    used 9851K, capacity 10438K, committed 10496K, reserved 1048576K
}
Event: 2525.320 GC heap before
{Heap before GC invocations=20 (full 3):
 PSYoungGen      total 303616K, used 301408K [0x00000000e0000000, 0x00000000f4e00000, 0x0000000100000000)
  eden space 279552K, 100% used [0x00000000e0000000,0x00000000f1100000,0x00000000f1100000)
  from space 24064K, 90% used [0x00000000f3680000,0x00000000f4bd81b8,0x00000000f4e00000)
  to   space 31232K, 0% used [0x00000000f1100000,0x00000000f1100000,0x00000000f2f80000)
 ParOldGen       total 87552K, used 49857K [0x00000000a0000000, 0x00000000a5580000, 0x00000000e0000000)
  object space 87552K, 56% used [0x00000000a0000000,0x00000000a30b0608,0x00000000a5580000)
 Metaspace       used 79212K, capacity 82732K, committed 82944K, reserved 1120256K
  class space    used 10516K, capacity 11184K, committed 11264K, reserved 1048576K
Event: 2525.360 GC heap after
Heap after GC invocations=20 (full 3):
 PSYoungGen      total 310784K, used 8078K [0x00000000e0000000, 0x00000000f8200000, 0x0000000100000000)
  eden space 279552K, 0% used [0x00000000e0000000,0x00000000e0000000,0x00000000f1100000)
  from space 31232K, 25% used [0x00000000f1100000,0x00000000f18e3a78,0x00000000f2f80000)
  to   space 30720K, 0% used [0x00000000f6400000,0x00000000f6400000,0x00000000f8200000)
 ParOldGen       total 87552K, used 67659K [0x00000000a0000000, 0x00000000a5580000, 0x00000000e0000000)
  object space 87552K, 77% used [0x00000000a0000000,0x00000000a4212c00,0x00000000a5580000)
 Metaspace       used 79212K, capacity 82732K, committed 82944K, reserved 1120256K
  class space    used 10516K, capacity 11184K, committed 11264K, reserved 1048576K
}
Event: 2539.664 GC heap before
{Heap before GC invocations=21 (full 3):
 PSYoungGen      total 310784K, used 287630K [0x00000000e0000000, 0x00000000f8200000, 0x0000000100000000)
  eden space 279552K, 100% used [0x00000000e0000000,0x00000000f1100000,0x00000000f1100000)
  from space 31232K, 25% used [0x00000000f1100000,0x00000000f18e3a78,0x00000000f2f80000)
  to   space 30720K, 0% used [0x00000000f6400000,0x00000000f6400000,0x00000000f8200000)
 ParOldGen       total 87552K, used 67659K [0x00000000a0000000, 0x00000000a5580000, 0x00000000e0000000)
  object space 87552K, 77% used [0x00000000a0000000,0x00000000a4212c00,0x00000000a5580000)
 Metaspace       used 88934K, capacity 92946K, committed 93056K, reserved 1130496K
  class space    used 11643K, capacity 12385K, committed 12416K, reserved 1048576K
Event: 2539.721 GC heap after
Heap after GC invocations=21 (full 3):
 PSYoungGen      total 360960K, used 26971K [0x00000000e0000000, 0x00000000f8480000, 0x0000000100000000)
  eden space 330240K, 0% used [0x00000000e0000000,0x00000000e0000000,0x00000000f4280000)
  from space 30720K, 87% used [0x00000000f6400000,0x00000000f7e56eb8,0x00000000f8200000)
  to   space 33792K, 0% used [0x00000000f4280000,0x00000000f4280000,0x00000000f6380000)
 ParOldGen       total 87552K, used 71227K [0x00000000a0000000, 0x00000000a5580000, 0x00000000e0000000)
  object space 87552K, 81% used [0x00000000a0000000,0x00000000a458ecd0,0x00000000a5580000)
 Metaspace       used 88934K, capacity 92946K, committed 93056K, reserved 1130496K
  class space    used 11643K, capacity 12385K, committed 12416K, reserved 1048576K
}
Event: 2541.320 GC heap before
{Heap before GC invocations=22 (full 3):
 PSYoungGen      total 360960K, used 357211K [0x00000000e0000000, 0x00000000f8480000, 0x0000000100000000)
  eden space 330240K, 100% used [0x00000000e0000000,0x00000000f4280000,0x00000000f4280000)
  from space 30720K, 87% used [0x00000000f6400000,0x00000000f7e56eb8,0x00000000f8200000)
  to   space 33792K, 0% used [0x00000000f4280000,0x00000000f4280000,0x00000000f6380000)
 ParOldGen       total 87552K, used 71227K [0x00000000a0000000, 0x00000000a5580000, 0x00000000e0000000)
  object space 87552K, 81% used [0x00000000a0000000,0x00000000a458ecd0,0x00000000a5580000)
 Metaspace       used 89467K, capacity 93522K, committed 93696K, reserved 1130496K
  class space    used 11688K, capacity 12449K, committed 12544K, reserved 1048576K

